18:43:19.348 [main] INFO  - URL is opened
18:43:19.536 [main] INFO  - entered username
18:43:19.626 [main] INFO  - entered password
18:43:22.970 [main] INFO  - submit button clicked
18:43:22.980 [main] INFO  - login Test passed!!!
18:43:32.941 [main] INFO  - Login successful for adding new customer
18:45:07.357 [main] INFO  - URL is opened
18:45:07.517 [main] INFO  - entered username
18:45:07.616 [main] INFO  - entered password
18:45:10.928 [main] INFO  - submit button clicked
18:45:10.947 [main] INFO  - login Test passed!!!
18:45:21.159 [main] INFO  - Login successful for adding new customer
18:48:25.714 [main] INFO  - URL is opened
18:48:25.904 [main] INFO  - entered username
18:48:26.046 [main] INFO  - entered password
18:48:30.178 [main] INFO  - submit button clicked
18:48:30.196 [main] INFO  - login Test passed!!!
18:48:40.263 [main] INFO  - Login successful for adding new customer
18:48:48.765 [main] INFO  - Validation for Add Customer test started
18:50:57.014 [main] INFO  - URL is opened
18:50:57.220 [main] INFO  - entered username
18:50:57.333 [main] INFO  - entered password
18:51:01.069 [main] INFO  - submit button clicked
18:51:01.087 [main] INFO  - login Test passed!!!
18:51:09.320 [main] INFO  - Login successful for adding new customer
18:51:18.782 [main] INFO  - Validation for Add Customer test started
18:51:18.800 [main] INFO  - Add Customer test passed!!!
18:53:27.282 [main] INFO  - URL is opened
18:53:27.706 [main] INFO  - entered username
18:53:27.934 [main] INFO  - entered password
18:53:31.283 [main] INFO  - submit button clicked
18:53:31.300 [main] INFO  - login Test passed!!!
18:53:43.346 [main] INFO  - Login successful for adding new customer
18:53:52.865 [main] INFO  - Validation for Add Customer test started
18:53:52.883 [main] INFO  - Add Customer test passed!!!
20:36:43.557 [main] INFO  - URL is opened
20:36:43.738 [main] INFO  - entered username
20:36:43.857 [main] INFO  - entered password
20:36:47.665 [main] INFO  - submit button clicked
20:36:47.682 [main] INFO  - login Test passed!!!
20:36:57.920 [main] INFO  - Login successful for adding new customer
20:37:06.079 [main] INFO  - Validation for Add Customer test started
20:38:32.385 [main] INFO  - URL is opened
20:38:32.577 [main] INFO  - entered username
20:38:32.724 [main] INFO  - entered password
20:38:36.054 [main] INFO  - submit button clicked
20:38:36.073 [main] INFO  - login Test passed!!!
20:38:45.194 [main] INFO  - Login successful for adding new customer
20:38:54.764 [main] INFO  - Validation for Add Customer test started
20:38:54.781 [main] INFO  - Add Customer test passed!!!
14:32:32.184 [main] INFO  - URL is opened
14:32:32.415 [main] INFO  - entered username
14:32:32.563 [main] INFO  - entered password
14:32:35.869 [main] INFO  - submit button clicked
14:32:35.885 [main] INFO  - login Test passed!!!
14:32:44.340 [main] INFO  - Login successful for adding new customer
14:32:53.788 [main] INFO  - Validation for Add Customer test started
14:32:53.808 [main] INFO  - Add Customer test passed!!!
15:48:45.611 [main] INFO  - URL is opened
15:48:45.779 [main] INFO  - entered username
15:48:45.903 [main] INFO  - entered password
15:48:49.136 [main] INFO  - submit button clicked
15:48:49.155 [main] INFO  - login Test passed!!!
15:48:57.987 [main] INFO  - Login successful for adding new customer
15:49:06.801 [main] INFO  - Validation for Add Customer test started
15:49:06.821 [main] INFO  - Add Customer test passed!!!
15:58:23.845 [main] INFO  - URL is opened
15:58:24.003 [main] INFO  - entered username
15:58:24.111 [main] INFO  - entered password
15:58:27.343 [main] INFO  - submit button clicked
15:58:27.363 [main] INFO  - login Test passed!!!
15:58:37.845 [main] INFO  - Login successful for adding new customer
15:58:46.093 [main] INFO  - Validation for Add Customer test started
15:58:46.110 [main] INFO  - Add Customer test passed!!!
17:17:28.416 [main] INFO  - URL is opened
17:17:28.587 [main] INFO  - entered username
17:17:28.698 [main] INFO  - entered password
17:17:33.132 [main] INFO  - submit button clicked
17:17:33.147 [main] INFO  - login Test passed!!!
17:17:42.120 [main] INFO  - Login successful for adding new customer
17:21:23.300 [main] INFO  - URL is opened
17:21:23.481 [main] INFO  - entered username
17:21:23.578 [main] INFO  - entered password
17:21:26.923 [main] INFO  - submit button clicked
17:21:26.940 [main] INFO  - login Test passed!!!
17:21:35.274 [main] INFO  - Login successful for adding new customer
17:21:43.946 [main] INFO  - Validation for Add Customer test started
17:21:43.966 [main] INFO  - Add Customer test passed!!!
